<?xml version="1.0" encoding="UTF-8" ?>
<testsuite tests="7" failures="1" name="TestSuite" time="19.992" errors="0" skipped="0">
  <properties>
    <property name="java.runtime.name" value="Java(TM) SE Runtime Environment"/>
    <property name="sun.boot.library.path" value="C:\Program Files\Java\jdk1.8.0_171\jre\bin"/>
    <property name="java.vm.version" value="25.171-b11"/>
    <property name="java.vm.vendor" value="Oracle Corporation"/>
    <property name="java.vendor.url" value="http://java.oracle.com/"/>
    <property name="path.separator" value=";"/>
    <property name="java.vm.name" value="Java HotSpot(TM) 64-Bit Server VM"/>
    <property name="file.encoding.pkg" value="sun.io"/>
    <property name="user.script" value=""/>
    <property name="user.country" value="CN"/>
    <property name="sun.java.launcher" value="SUN_STANDARD"/>
    <property name="sun.os.patch.level" value=""/>
    <property name="java.vm.specification.name" value="Java Virtual Machine Specification"/>
    <property name="user.dir" value="C:\Users\13617\Desktop\Auto_Test_Demo\AutoTest\Chapter121212"/>
    <property name="java.runtime.version" value="1.8.0_171-b11"/>
    <property name="java.awt.graphicsenv" value="sun.awt.Win32GraphicsEnvironment"/>
    <property name="basedir" value="C:\Users\13617\Desktop\Auto_Test_Demo\AutoTest\Chapter121212"/>
    <property name="java.endorsed.dirs" value="C:\Program Files\Java\jdk1.8.0_171\jre\lib\endorsed"/>
    <property name="os.arch" value="amd64"/>
    <property name="surefire.real.class.path" value="C:\Users\13617\Desktop\Auto_Test_Demo\AutoTest\Chapter121212\target\surefire\surefirebooter5646712079683889783.jar"/>
    <property name="java.io.tmpdir" value="C:\Users\13617\AppData\Local\Temp\"/>
    <property name="line.separator" value="
"/>
    <property name="java.vm.specification.vendor" value="Oracle Corporation"/>
    <property name="user.variant" value=""/>
    <property name="os.name" value="Windows 10"/>
    <property name="sun.jnu.encoding" value="GBK"/>
    <property name="java.library.path" value="C:\Program Files\Java\jdk1.8.0_171\jre\bin;C:\WINDOWS\Sun\Java\bin;C:\WINDOWS\system32;C:\WINDOWS;C:\Program Files (x86)\Common Files\Oracle\Java\javapath;C:\WINDOWS\system32;C:\WINDOWS;C:\WINDOWS\System32\Wbem;C:\WINDOWS\System32\WindowsPowerShell\v1.0\;C:\WINDOWS\System32\OpenSSH\;D:\android-sdk-windows\tools;C:\Program Files\Java\jdk1.8.0_171\bin;C:\Program Files\Java\jdk1.8.0_171\jre\bin;D:\android-sdk-windows\platform-tools;D:\android-sdk-windows\build-tools\29.0.3;C:\Windows\System32;D:\phpstudy_pro\Extensions\php\php7.3.4nts;D:\phpstudy_pro\Extensions\php\php7.0.9nts;E:\ab\Apache24\bin;C:\ProgramData\chocolatey\bin;D:\Program Files\nodejs;D:\Program Files\nodejs\node_global;D:\Program Files\nodejs\node_modules\npm\bin;C:\Program Files\Git\cmd;C:\Users\13617\Desktop\apache-jmeter-5.2.1\bin;C:\Program Files\MySQL\MySQL Server 8.0\bin;C:\Users\13617\AppData\Roaming\nvm;C:\Program Files\nodejs;C:\Users\13617\AppData\Roaming\nvm\v14.4.0;E:\apache-maven-3.6.3\bin;C:\Program Files (x86)\GnuWin32\bin;C:\Users\13617\AppData\Local\Microsoft\WindowsApps;d:\Program Files\JetBrains\PhpStorm 2020.1\bin;C:\Users\13617\AppData\Roaming\npm;."/>
    <property name="surefire.test.class.path" value="C:\Users\13617\Desktop\Auto_Test_Demo\AutoTest\Chapter121212\target\test-classes;C:\Users\13617\Desktop\Auto_Test_Demo\AutoTest\Chapter121212\target\classes;C:\Users\13617\.m2\repository\commons-logging\commons-logging\1.2\commons-logging-1.2.jar;C:\Users\13617\.m2\repository\org\apache\httpcomponents\httpclient\4.1.2\httpclient-4.1.2.jar;C:\Users\13617\.m2\repository\org\apache\httpcomponents\httpcore\4.4.9\httpcore-4.4.9.jar;C:\Users\13617\.m2\repository\commons-codec\commons-codec\1.11\commons-codec-1.11.jar;C:\Users\13617\.m2\repository\org\json\json\20180813\json-20180813.jar;C:\Users\13617\.m2\repository\org\mybatis\mybatis\3.4.4\mybatis-3.4.4.jar;C:\Users\13617\.m2\repository\mysql\mysql-connector-java\5.1.6\mysql-connector-java-5.1.6.jar;C:\Users\13617\.m2\repository\org\projectlombok\lombok\1.16.14\lombok-1.16.14.jar;C:\Users\13617\.m2\repository\com\relevantcodes\extentreports\2.41.1\extentreports-2.41.1.jar;C:\Users\13617\.m2\repository\org\jsoup\jsoup\1.8.3\jsoup-1.8.3.jar;C:\Users\13617\.m2\repository\org\xerial\sqlite-jdbc\3.21.0.1\sqlite-jdbc-3.21.0.1.jar;C:\Users\13617\.m2\repository\org\freemarker\freemarker\2.3.27-incubating\freemarker-2.3.27-incubating.jar;C:\Users\13617\.m2\repository\org\mongodb\mongodb-driver\3.6.3\mongodb-driver-3.6.3.jar;C:\Users\13617\.m2\repository\org\mongodb\bson\3.6.3\bson-3.6.3.jar;C:\Users\13617\.m2\repository\org\mongodb\mongodb-driver-core\3.6.3\mongodb-driver-core-3.6.3.jar;C:\Users\13617\.m2\repository\com\vimalselvam\testng-extentsreport\1.3.1\testng-extentsreport-1.3.1.jar;C:\Users\13617\.m2\repository\org\testng\testng\6.10\testng-6.10.jar;C:\Users\13617\.m2\repository\com\beust\jcommander\1.48\jcommander-1.48.jar;C:\Users\13617\.m2\repository\com\google\guava\guava\20.0\guava-20.0.jar;C:\Users\13617\.m2\repository\com\aventstack\extentreports\3.0.6\extentreports-3.0.6.jar;C:\Users\13617\.m2\repository\org\apache\httpcomponents\httpmime\4.5.5\httpmime-4.5.5.jar;"/>
    <property name="java.specification.name" value="Java Platform API Specification"/>
    <property name="java.class.version" value="52.0"/>
    <property name="sun.management.compiler" value="HotSpot 64-Bit Tiered Compilers"/>
    <property name="os.version" value="10.0"/>
    <property name="user.home" value="C:\Users\13617"/>
    <property name="user.timezone" value="Asia/Shanghai"/>
    <property name="java.awt.printerjob" value="sun.awt.windows.WPrinterJob"/>
    <property name="java.specification.version" value="1.8"/>
    <property name="file.encoding" value="GBK"/>
    <property name="user.name" value="13617"/>
    <property name="java.class.path" value="C:\Users\13617\Desktop\Auto_Test_Demo\AutoTest\Chapter121212\target\test-classes;C:\Users\13617\Desktop\Auto_Test_Demo\AutoTest\Chapter121212\target\classes;C:\Users\13617\.m2\repository\commons-logging\commons-logging\1.2\commons-logging-1.2.jar;C:\Users\13617\.m2\repository\org\apache\httpcomponents\httpclient\4.1.2\httpclient-4.1.2.jar;C:\Users\13617\.m2\repository\org\apache\httpcomponents\httpcore\4.4.9\httpcore-4.4.9.jar;C:\Users\13617\.m2\repository\commons-codec\commons-codec\1.11\commons-codec-1.11.jar;C:\Users\13617\.m2\repository\org\json\json\20180813\json-20180813.jar;C:\Users\13617\.m2\repository\org\mybatis\mybatis\3.4.4\mybatis-3.4.4.jar;C:\Users\13617\.m2\repository\mysql\mysql-connector-java\5.1.6\mysql-connector-java-5.1.6.jar;C:\Users\13617\.m2\repository\org\projectlombok\lombok\1.16.14\lombok-1.16.14.jar;C:\Users\13617\.m2\repository\com\relevantcodes\extentreports\2.41.1\extentreports-2.41.1.jar;C:\Users\13617\.m2\repository\org\jsoup\jsoup\1.8.3\jsoup-1.8.3.jar;C:\Users\13617\.m2\repository\org\xerial\sqlite-jdbc\3.21.0.1\sqlite-jdbc-3.21.0.1.jar;C:\Users\13617\.m2\repository\org\freemarker\freemarker\2.3.27-incubating\freemarker-2.3.27-incubating.jar;C:\Users\13617\.m2\repository\org\mongodb\mongodb-driver\3.6.3\mongodb-driver-3.6.3.jar;C:\Users\13617\.m2\repository\org\mongodb\bson\3.6.3\bson-3.6.3.jar;C:\Users\13617\.m2\repository\org\mongodb\mongodb-driver-core\3.6.3\mongodb-driver-core-3.6.3.jar;C:\Users\13617\.m2\repository\com\vimalselvam\testng-extentsreport\1.3.1\testng-extentsreport-1.3.1.jar;C:\Users\13617\.m2\repository\org\testng\testng\6.10\testng-6.10.jar;C:\Users\13617\.m2\repository\com\beust\jcommander\1.48\jcommander-1.48.jar;C:\Users\13617\.m2\repository\com\google\guava\guava\20.0\guava-20.0.jar;C:\Users\13617\.m2\repository\com\aventstack\extentreports\3.0.6\extentreports-3.0.6.jar;C:\Users\13617\.m2\repository\org\apache\httpcomponents\httpmime\4.5.5\httpmime-4.5.5.jar;"/>
    <property name="java.vm.specification.version" value="1.8"/>
    <property name="sun.arch.data.model" value="64"/>
    <property name="java.home" value="C:\Program Files\Java\jdk1.8.0_171\jre"/>
    <property name="sun.java.command" value="C:\Users\13617\Desktop\Auto_Test_Demo\AutoTest\Chapter121212\target\surefire\surefirebooter5646712079683889783.jar C:\Users\13617\Desktop\Auto_Test_Demo\AutoTest\Chapter121212\target\surefire\surefire295435048528228246tmp C:\Users\13617\Desktop\Auto_Test_Demo\AutoTest\Chapter121212\target\surefire\surefire4957181206919644290tmp"/>
    <property name="java.specification.vendor" value="Oracle Corporation"/>
    <property name="user.language" value="zh"/>
    <property name="awt.toolkit" value="sun.awt.windows.WToolkit"/>
    <property name="java.vm.info" value="mixed mode"/>
    <property name="java.version" value="1.8.0_171"/>
    <property name="java.ext.dirs" value="C:\Program Files\Java\jdk1.8.0_171\jre\lib\ext;C:\WINDOWS\Sun\Java\lib\ext"/>
    <property name="sun.boot.class.path" value="C:\Program Files\Java\jdk1.8.0_171\jre\lib\resources.jar;C:\Program Files\Java\jdk1.8.0_171\jre\lib\rt.jar;C:\Program Files\Java\jdk1.8.0_171\jre\lib\sunrsasign.jar;C:\Program Files\Java\jdk1.8.0_171\jre\lib\jsse.jar;C:\Program Files\Java\jdk1.8.0_171\jre\lib\jce.jar;C:\Program Files\Java\jdk1.8.0_171\jre\lib\charsets.jar;C:\Program Files\Java\jdk1.8.0_171\jre\lib\jfr.jar;C:\Program Files\Java\jdk1.8.0_171\jre\classes"/>
    <property name="java.vendor" value="Oracle Corporation"/>
    <property name="localRepository" value="C:\Users\13617\.m2\repository"/>
    <property name="file.separator" value="\"/>
    <property name="java.vendor.url.bug" value="http://bugreport.sun.com/bugreport/"/>
    <property name="sun.cpu.endian" value="little"/>
    <property name="sun.io.unicode.encoding" value="UnicodeLittle"/>
    <property name="sun.desktop" value="windows"/>
    <property name="sun.cpu.isalist" value="amd64"/>
  </properties>
  <testcase classname="com.xiaoyu.cases.LoginTest" name="loginTrue" time="0.892"/>
  <testcase classname="com.xiaoyu.cases.LoginTest" name="loginFalse" time="0.037"/>
  <testcase classname="com.xiaoyu.cases.AddUserTest" name="addUser" time="5.042"/>
  <testcase classname="com.xiaoyu.cases.GetUserInfoTest" name="getUserInfo" time="3.033"/>
  <testcase classname="com.xiaoyu.cases.UpdateUserInforTest" name="updateUserInfo" time="5.05"/>
  <testcase classname="com.xiaoyu.cases.UpdateUserInforTest" name="deleteUser" time="5.026"/>
  <testcase classname="com.xiaoyu.cases.GetUserInfoListTest" name="getUserListInfo" time="0.026">
    <failure message="A JSONArray text must start with &apos;[&apos; at 1 [character 2 line 1]" type="org.json.JSONException">org.json.JSONException: A JSONArray text must start with &apos;[&apos; at 1 [character 2 line 1]
	at org.json.JSONTokener.syntaxError(JSONTokener.java:505)
	at org.json.JSONArray.&lt;init&gt;(JSONArray.java:109)
	at org.json.JSONArray.&lt;init&gt;(JSONArray.java:162)
	at com.xiaoyu.cases.GetUserInfoListTest.getJsonResult(GetUserInfoListTest.java:74)
	at com.xiaoyu.cases.GetUserInfoListTest.getUserListInfo(GetUserInfoListTest.java:31)
</failure>
    <system-out>GetUserListCase(userName=, age=, sex=0, expected=getUserList)
http://localhost:8888/v1/getUserlist
</system-out>
  </testcase>
</testsuite>