<?xml version="1.0" encoding="UTF-8"?>
<!-- Generated by org.testng.reporters.JUnitReportReporter -->
<testsuite name="com.xiaoyu.cases.UpdateUserInforTest" tests="2" time="10.076" ignored="0" failures="0" timestamp="24 Jun 2020 06:12:46 GMT" skipped="0" hostname="DESKTOP-JKJNJUG" errors="0">
  <testcase name="deleteUser" time="5.026" classname="com.xiaoyu.cases.UpdateUserInforTest"/>
  <testcase name="updateUserInfo" time="5.050" classname="com.xiaoyu.cases.UpdateUserInforTest"/>
</testsuite> <!-- com.xiaoyu.cases.UpdateUserInforTest -->
