<?xml version="1.0" encoding="UTF-8"?>
<!-- Generated by org.testng.reporters.JUnitReportReporter -->
<testsuite name="com.xiaoyu.cases.LoginTest" tests="2" time="0.928" ignored="0" failures="0" timestamp="24 Jun 2020 06:12:46 GMT" skipped="0" hostname="DESKTOP-JKJNJUG" errors="0">
  <testcase name="loginFalse" time="0.037" classname="com.xiaoyu.cases.LoginTest"/>
  <testcase name="loginTrue" time="0.891" classname="com.xiaoyu.cases.LoginTest"/>
</testsuite> <!-- com.xiaoyu.cases.LoginTest -->
