<?xml version="1.0" encoding="UTF-8"?>
<!-- Generated by org.testng.reporters.JUnitReportReporter -->
<testsuite name="com.xiaoyu.cases.AddUserTest" tests="1" time="5.042" ignored="0" failures="0" timestamp="24 Jun 2020 06:12:46 GMT" skipped="0" hostname="DESKTOP-JKJNJUG" errors="0">
  <testcase name="addUser" time="5.042" classname="com.xiaoyu.cases.AddUserTest"/>
</testsuite> <!-- com.xiaoyu.cases.AddUserTest -->
