<?xml version="1.0" encoding="UTF-8"?>
<!-- Generated by org.testng.reporters.JUnitReportReporter -->
<testsuite name="com.xiaoyu.cases.GetUserInfoTest" tests="1" time="3.033" ignored="0" failures="0" timestamp="24 Jun 2020 06:12:46 GMT" skipped="0" hostname="DESKTOP-JKJNJUG" errors="0">
  <testcase name="getUserInfo" time="3.033" classname="com.xiaoyu.cases.GetUserInfoTest"/>
</testsuite> <!-- com.xiaoyu.cases.GetUserInfoTest -->
